\\FILER\MHARPER\MS_WINDOWS\CPSC_REDIRECTED\MY DOCUMENTS\VISUAL STUDIO 2012\PROJECTS\DATABASE\DATABASE\DATABASE\DEBUG\DATABASE.OBJ
\\FILER\MHARPER\MS_WINDOWS\CPSC_REDIRECTED\MY DOCUMENTS\VISUAL STUDIO 2012\PROJECTS\DATABASE\DATABASE\DATABASE\DEBUG\RECORD.OBJ
\\FILER\MHARPER\MS_WINDOWS\CPSC_REDIRECTED\MY DOCUMENTS\VISUAL STUDIO 2012\PROJECTS\DATABASE\DATABASE\DATABASE\DEBUG\TABLE.OBJ
\\FILER\MHARPER\MS_WINDOWS\CPSC_REDIRECTED\MY DOCUMENTS\VISUAL STUDIO 2012\PROJECTS\DATABASE\DATABASE\DATABASE\DEBUG\VC110.PDB
\\FILER\MHARPER\MS_WINDOWS\CPSC_REDIRECTED\MY DOCUMENTS\VISUAL STUDIO 2012\PROJECTS\DATABASE\DATABASE\DEBUG\DATABASE.ILK
\\FILER\MHARPER\MS_WINDOWS\CPSC_REDIRECTED\MY DOCUMENTS\VISUAL STUDIO 2012\PROJECTS\DATABASE\DATABASE\DEBUG\DATABASE.DLL
\\FILER\MHARPER\MS_WINDOWS\CPSC_REDIRECTED\MY DOCUMENTS\VISUAL STUDIO 2012\PROJECTS\DATABASE\DATABASE\DEBUG\DATABASE.PDB
\\filer\mharper\ms_windows\cpsc_redirected\My Documents\Visual Studio 2012\Projects\Database\Database\Debug\Database.lib
\\filer\mharper\ms_windows\cpsc_redirected\My Documents\Visual Studio 2012\Projects\Database\Database\Debug\Database.exp
\\filer\mharper\ms_windows\cpsc_redirected\My Documents\Visual Studio 2012\Projects\Database\Database\Database\Debug\Record.obj
\\filer\mharper\ms_windows\cpsc_redirected\My Documents\Visual Studio 2012\Projects\Database\Database\Database\Debug\Table.obj
\\filer\mharper\ms_windows\cpsc_redirected\My Documents\Visual Studio 2012\Projects\Database\Database\Database\Debug\link.588-cvtres.write.1.tlog
\\filer\mharper\ms_windows\cpsc_redirected\My Documents\Visual Studio 2012\Projects\Database\Database\Database\Debug\CL.write.1.tlog
\\filer\mharper\ms_windows\cpsc_redirected\My Documents\Visual Studio 2012\Projects\Database\Database\Database\Debug\link.read.1.tlog
\\filer\mharper\ms_windows\cpsc_redirected\My Documents\Visual Studio 2012\Projects\Database\Database\Database\Debug\link.write.1.tlog
\\filer\mharper\ms_windows\cpsc_redirected\My Documents\Visual Studio 2012\Projects\Database\Database\Database\Debug\link.588.write.1.tlog
\\filer\mharper\ms_windows\cpsc_redirected\My Documents\Visual Studio 2012\Projects\Database\Database\Database\Debug\link-rc.read.1.tlog
\\filer\mharper\ms_windows\cpsc_redirected\My Documents\Visual Studio 2012\Projects\Database\Database\Database\Debug\link.588-cvtres.read.1.tlog
\\filer\mharper\ms_windows\cpsc_redirected\My Documents\Visual Studio 2012\Projects\Database\Database\Database\Debug\link-cvtres.read.1.tlog
\\filer\mharper\ms_windows\cpsc_redirected\My Documents\Visual Studio 2012\Projects\Database\Database\Database\Debug\link.588-rc.read.1.tlog
\\filer\mharper\ms_windows\cpsc_redirected\My Documents\Visual Studio 2012\Projects\Database\Database\Database\Debug\cl.command.1.tlog
\\filer\mharper\ms_windows\cpsc_redirected\My Documents\Visual Studio 2012\Projects\Database\Database\Database\Debug\link.588-rc.write.1.tlog
\\filer\mharper\ms_windows\cpsc_redirected\My Documents\Visual Studio 2012\Projects\Database\Database\Database\Debug\link-cvtres.write.1.tlog
\\filer\mharper\ms_windows\cpsc_redirected\My Documents\Visual Studio 2012\Projects\Database\Database\Database\Debug\link-rc.write.1.tlog
\\filer\mharper\ms_windows\cpsc_redirected\My Documents\Visual Studio 2012\Projects\Database\Database\Database\Debug\CL.read.1.tlog
\\filer\mharper\ms_windows\cpsc_redirected\My Documents\Visual Studio 2012\Projects\Database\Database\Database\Debug\Database.write.1.tlog
\\filer\mharper\ms_windows\cpsc_redirected\My Documents\Visual Studio 2012\Projects\Database\Database\Database\Debug\link.command.1.tlog
\\filer\mharper\ms_windows\cpsc_redirected\My Documents\Visual Studio 2012\Projects\Database\Database\Database\Debug\link.588.read.1.tlog
\\filer\mharper\ms_windows\cpsc_redirected\My Documents\Visual Studio 2012\Projects\Database\Database\Database\Debug\vc110.idb
\\filer\mharper\ms_windows\cpsc_redirected\My Documents\Visual Studio 2012\Projects\Database\Database\Database\Debug\vc110.pdb
\\filer\mharper\ms_windows\cpsc_redirected\My Documents\Visual Studio 2012\Projects\Database\Database\Debug\Database.pdb
\\filer\mharper\ms_windows\cpsc_redirected\My Documents\Visual Studio 2012\Projects\Database\Database\Debug\Database.dll
\\filer\mharper\ms_windows\cpsc_redirected\My Documents\Visual Studio 2012\Projects\Database\Database\Debug\Database.ilk
