Build started 2/17/2013 7:29:44 PM.
Project "C:\Users\W7\Documents\Visual Studio 2012\Projects\Database\Database\Database\Database.vcxproj" on node 2 (Build target(s)).
ClCompile:
  C:\Program Files (x86)\Microsoft Visual Studio 11.0\VC\bin\CL.exe /c /ZI /nologo /W3 /WX- /Od /Oy- /D _WINDLL /D _MBCS /Gm /EHsc /RTC1 /MDd /GS /fp:precise /Zc:wchar_t /Zc:forScope /Fo"Debug\\" /Fd"Debug\vc110.pdb" /Gd /TP /analyze- /errorReport:prompt Database.cpp Record.cpp Table.cpp
  Table.cpp
  Record.cpp
c:\users\w7\documents\visual studio 2012\projects\database\database\database\record.cpp(10): warning C4018: '<' : signed/unsigned mismatch
  Database.cpp
c:\users\w7\documents\visual studio 2012\projects\database\database\database\database.h(25): warning C4251: 'Database::tables' : class 'std::list<_Ty>' needs to have dll-interface to be used by clients of class 'Database'
          with
          [
              _Ty=Table
          ]
c:\users\w7\documents\visual studio 2012\projects\database\database\database\database.cpp(3): warning C4273: 'Database::Database' : inconsistent dll linkage
          c:\users\w7\documents\visual studio 2012\projects\database\database\database\database.h(13) : see previous definition of '{ctor}'
c:\users\w7\documents\visual studio 2012\projects\database\database\database\database.cpp(7): warning C4273: 'Database::~Database' : inconsistent dll linkage
          c:\users\w7\documents\visual studio 2012\projects\database\database\database\database.h(15) : see previous definition of '{dtor}'
c:\users\w7\documents\visual studio 2012\projects\database\database\database\database.cpp(10): warning C4273: 'Database::addTable' : inconsistent dll linkage
          c:\users\w7\documents\visual studio 2012\projects\database\database\database\database.h(17) : see previous definition of 'addTable'
c:\users\w7\documents\visual studio 2012\projects\database\database\database\database.cpp(14): warning C4273: 'Database::dropTable' : inconsistent dll linkage
          c:\users\w7\documents\visual studio 2012\projects\database\database\database\database.h(18) : see previous definition of 'dropTable'
c:\users\w7\documents\visual studio 2012\projects\database\database\database\database.cpp(18): warning C4273: 'Database::listTables' : inconsistent dll linkage
          c:\users\w7\documents\visual studio 2012\projects\database\database\database\database.h(19) : see previous definition of 'listTables'
c:\users\w7\documents\visual studio 2012\projects\database\database\database\database.cpp(22): warning C4273: 'Database::getTables' : inconsistent dll linkage
          c:\users\w7\documents\visual studio 2012\projects\database\database\database\database.h(20) : see previous definition of 'getTables'
c:\users\w7\documents\visual studio 2012\projects\database\database\database\database.cpp(26): warning C4273: 'Database::query' : inconsistent dll linkage
          c:\users\w7\documents\visual studio 2012\projects\database\database\database\database.h(21) : see previous definition of 'query'
c:\users\w7\documents\visual studio 2012\projects\database\database\database\database.cpp(30): warning C4273: 'Database::deleteRecord' : inconsistent dll linkage
          c:\users\w7\documents\visual studio 2012\projects\database\database\database\database.h(22) : see previous definition of 'deleteRecord'
  Generating Code...
Link:
  C:\Program Files (x86)\Microsoft Visual Studio 11.0\VC\bin\link.exe /ERRORREPORT:PROMPT /OUT:"C:\Users\W7\Documents\Visual Studio 2012\Projects\Database\Database\Debug\Database.dll" /INCREMENTAL /NOLOGO kernel32.lib user32.lib gdi32.lib winspool.lib comdlg32.lib advapi32.lib shell32.lib ole32.lib oleaut32.lib uuid.lib odbc32.lib odbccp32.lib /MANIFEST /MANIFESTUAC:"level='asInvoker' uiAccess='false'" /manifest:embed /DEBUG /PDB:"C:\Users\W7\Documents\Visual Studio 2012\Projects\Database\Database\Debug\Database.pdb" /TLBID:1 /DYNAMICBASE /NXCOMPAT /IMPLIB:"C:\Users\W7\Documents\Visual Studio 2012\Projects\Database\Database\Debug\Database.lib" /MACHINE:X86 /DLL Debug\Database.obj
  Debug\Record.obj
  Debug\Table.obj
     Creating library C:\Users\W7\Documents\Visual Studio 2012\Projects\Database\Database\Debug\Database.lib and object C:\Users\W7\Documents\Visual Studio 2012\Projects\Database\Database\Debug\Database.exp
  Database.vcxproj -> C:\Users\W7\Documents\Visual Studio 2012\Projects\Database\Database\Debug\Database.dll
Done Building Project "C:\Users\W7\Documents\Visual Studio 2012\Projects\Database\Database\Database\Database.vcxproj" (Build target(s)).

Build succeeded.

Time Elapsed 00:00:06.28
