H:\315\DATABASE\NEWPROJECT\RESTAURANT\RELEASE\RESTAURANT.EXE
H:\315\DATABASE\NEWPROJECT\RESTAURANT\RELEASE\RESTAURANT.PDB
H:\315\DATABASE\NEWPROJECT\RESTAURANT\RESTAURANT\RELEASE\MAINFUNCTIONS.OBJ
H:\315\DATABASE\NEWPROJECT\RESTAURANT\RESTAURANT\RELEASE\MAIN.OBJ
H:\315\DATABASE\NEWPROJECT\RESTAURANT\RESTAURANT\RELEASE\CUSTOMER_READER.OBJ
H:\315\DATABASE\NEWPROJECT\RESTAURANT\RESTAURANT\RELEASE\VC110.PDB
H:\315\Database\NewProject\Restaurant\Restaurant\Release\main.obj
H:\315\Database\NewProject\Restaurant\Restaurant\Release\customer_reader.obj
H:\315\Database\NewProject\Restaurant\Restaurant\Release\mainfunctions.obj
H:\315\Database\NewProject\Restaurant\Restaurant\Release\link.command.1.tlog
H:\315\Database\NewProject\Restaurant\Restaurant\Release\link.read.1.tlog
H:\315\Database\NewProject\Restaurant\Restaurant\Release\link.write.1.tlog
H:\315\Database\NewProject\Restaurant\Restaurant\Release\link-cvtres.read.1.tlog
H:\315\Database\NewProject\Restaurant\Restaurant\Release\link-rc.read.1.tlog
H:\315\Database\NewProject\Restaurant\Restaurant\Release\cl.command.1.tlog
H:\315\Database\NewProject\Restaurant\Restaurant\Release\CL.write.1.tlog
H:\315\Database\NewProject\Restaurant\Restaurant\Release\CL.read.1.tlog
H:\315\Database\NewProject\Restaurant\Restaurant\Release\link-rc.write.1.tlog
H:\315\Database\NewProject\Restaurant\Restaurant\Release\link-cvtres.write.1.tlog
H:\315\Database\NewProject\Restaurant\Restaurant\Release\vc110.pdb
H:\315\Database\NewProject\Restaurant\Release\Restaurant.pdb
H:\315\Database\NewProject\Restaurant\Release\Restaurant.exe
