Build started 2/27/2013 11:54:07 AM.
     1>Project "H:\315\Database\NewProject\Restaurant\Restaurant\Restaurant.vcxproj" on node 2 (Rebuild target(s)).
     1>ClCompile:
         C:\Program Files (x86)\Microsoft Visual Studio 11.0\VC\bin\CL.exe /c /Zi /nologo /W3 /WX- /O2 /Oi /Oy- /GL /D _MBCS /Gm- /EHsc /MD /GS /Gy /fp:precise /Zc:wchar_t /Zc:forScope /Fo"Release\\" /Fd"Release\vc110.pdb" /Gd /TP /analyze- /errorReport:prompt customer_reader.cpp main.cpp mainfunctions.cpp
         customer_reader.cpp
     1>h:\315\database\newproject\restaurant\restaurant\Record.h(37): warning C4251: 'Record::data' : class 'std::vector<_Ty>' needs to have dll-interface to be used by clients of class 'Record'
                 with
                 [
                     _Ty=std::string
                 ]
     1>h:\315\database\newproject\restaurant\restaurant\AttributeList.h(42): warning C4251: 'AttributeList::name' : class 'std::basic_string<_Elem,_Traits,_Alloc>' needs to have dll-interface to be used by clients of class 'AttributeList'
                 with
                 [
                     _Elem=char,
                     _Traits=std::char_traits<char>,
                     _Alloc=std::allocator<char>
                 ]
     1>h:\315\database\newproject\restaurant\restaurant\AttributeList.h(49): warning C4251: 'AttributeList::entries' : class 'std::vector<_Ty>' needs to have dll-interface to be used by clients of class 'AttributeList'
                 with
                 [
                     _Ty=std::string
                 ]
     1>h:\315\database\newproject\restaurant\restaurant\Table.h(108): warning C4251: 'Table::attributes' : class 'std::vector<_Ty>' needs to have dll-interface to be used by clients of class 'Table'
                 with
                 [
                     _Ty=AttributeList
                 ]
     1>h:\315\database\newproject\restaurant\restaurant\Database.h(61): warning C4251: 'Database::tables' : class 'std::map<_Kty,_Ty>' needs to have dll-interface to be used by clients of class 'Database'
                 with
                 [
                     _Kty=std::string,
                     _Ty=Table
                 ]
         main.cpp
     1>h:\315\database\newproject\restaurant\restaurant\Record.h(37): warning C4251: 'Record::data' : class 'std::vector<_Ty>' needs to have dll-interface to be used by clients of class 'Record'
                 with
                 [
                     _Ty=std::string
                 ]
     1>h:\315\database\newproject\restaurant\restaurant\AttributeList.h(42): warning C4251: 'AttributeList::name' : class 'std::basic_string<_Elem,_Traits,_Alloc>' needs to have dll-interface to be used by clients of class 'AttributeList'
                 with
                 [
                     _Elem=char,
                     _Traits=std::char_traits<char>,
                     _Alloc=std::allocator<char>
                 ]
     1>h:\315\database\newproject\restaurant\restaurant\AttributeList.h(49): warning C4251: 'AttributeList::entries' : class 'std::vector<_Ty>' needs to have dll-interface to be used by clients of class 'AttributeList'
                 with
                 [
                     _Ty=std::string
                 ]
     1>h:\315\database\newproject\restaurant\restaurant\Table.h(108): warning C4251: 'Table::attributes' : class 'std::vector<_Ty>' needs to have dll-interface to be used by clients of class 'Table'
                 with
                 [
                     _Ty=AttributeList
                 ]
     1>h:\315\database\newproject\restaurant\restaurant\Database.h(61): warning C4251: 'Database::tables' : class 'std::map<_Kty,_Ty>' needs to have dll-interface to be used by clients of class 'Database'
                 with
                 [
                     _Kty=std::string,
                     _Ty=Table
                 ]
         mainfunctions.cpp
     1>h:\315\database\newproject\restaurant\restaurant\Record.h(37): warning C4251: 'Record::data' : class 'std::vector<_Ty>' needs to have dll-interface to be used by clients of class 'Record'
                 with
                 [
                     _Ty=std::string
                 ]
     1>h:\315\database\newproject\restaurant\restaurant\AttributeList.h(42): warning C4251: 'AttributeList::name' : class 'std::basic_string<_Elem,_Traits,_Alloc>' needs to have dll-interface to be used by clients of class 'AttributeList'
                 with
                 [
                     _Elem=char,
                     _Traits=std::char_traits<char>,
                     _Alloc=std::allocator<char>
                 ]
     1>h:\315\database\newproject\restaurant\restaurant\AttributeList.h(49): warning C4251: 'AttributeList::entries' : class 'std::vector<_Ty>' needs to have dll-interface to be used by clients of class 'AttributeList'
                 with
                 [
                     _Ty=std::string
                 ]
     1>h:\315\database\newproject\restaurant\restaurant\Table.h(108): warning C4251: 'Table::attributes' : class 'std::vector<_Ty>' needs to have dll-interface to be used by clients of class 'Table'
                 with
                 [
                     _Ty=AttributeList
                 ]
     1>h:\315\database\newproject\restaurant\restaurant\Database.h(61): warning C4251: 'Database::tables' : class 'std::map<_Kty,_Ty>' needs to have dll-interface to be used by clients of class 'Database'
                 with
                 [
                     _Kty=std::string,
                     _Ty=Table
                 ]
     1>mainfunctions.cpp(10): warning C4018: '<' : signed/unsigned mismatch
       Link:
         C:\Program Files (x86)\Microsoft Visual Studio 11.0\VC\bin\link.exe /ERRORREPORT:PROMPT /OUT:"H:\315\Database\NewProject\Restaurant\Release\Restaurant.exe" /NOLOGO kernel32.lib user32.lib gdi32.lib winspool.lib comdlg32.lib advapi32.lib shell32.lib ole32.lib oleaut32.lib uuid.lib odbc32.lib odbccp32.lib /MANIFEST /MANIFESTUAC:"level='asInvoker' uiAccess='false'" /manifest:embed /DEBUG /PDB:"H:\315\Database\NewProject\Restaurant\Release\Restaurant.pdb" /OPT:REF /OPT:ICF /LTCG /TLBID:1 /DYNAMICBASE /NXCOMPAT /IMPLIB:"H:\315\Database\NewProject\Restaurant\Release\Restaurant.lib" /MACHINE:X86 /SAFESEH Release\customer_reader.obj
         Release\main.obj
         Release\mainfunctions.obj
         ..\Team10DB.lib
         Generating code
         Finished generating code
         Restaurant.vcxproj -> H:\315\Database\NewProject\Restaurant\Release\Restaurant.exe
     1>Done Building Project "H:\315\Database\NewProject\Restaurant\Restaurant\Restaurant.vcxproj" (Rebuild target(s)).

Build succeeded.

Time Elapsed 00:00:06.35
